[PID=30035][Tue Mar 28 22:43:13 2017] Error : -196608(eVOLNOTMOUNTED_RDSM) in RDsM_ReadTrain.c:90
[PID=30035][Tue Mar 28 22:43:13 2017] Error : -196608(eVOLNOTMOUNTED_RDSM) in bfm_ReadTrain.c:90
[PID=30035][Tue Mar 28 22:43:13 2017] Error : -196608(eVOLNOTMOUNTED_RDSM) in BfM_GetTrain.c:113
[PID=30035][Tue Mar 28 22:43:13 2017] Error : -196608(eVOLNOTMOUNTED_RDSM) in EduOM_Test.c:562
[PID=30035][Tue Mar 28 22:43:14 2017] Error : -196608(eVOLNOTMOUNTED_RDSM) in RDsM_ReadTrain.c:90
[PID=30035][Tue Mar 28 22:43:14 2017] Error : -196608(eVOLNOTMOUNTED_RDSM) in bfm_ReadTrain.c:90
[PID=30035][Tue Mar 28 22:43:14 2017] Error : -196608(eVOLNOTMOUNTED_RDSM) in BfM_GetTrain.c:113
[PID=30035][Tue Mar 28 22:43:14 2017] Error : -196608(eVOLNOTMOUNTED_RDSM) in EduOM_Test.c:562
[PID=30035][Tue Mar 28 22:43:14 2017] Error : -196608(eVOLNOTMOUNTED_RDSM) in RDsM_ReadTrain.c:90
[PID=30035][Tue Mar 28 22:43:14 2017] Error : -196608(eVOLNOTMOUNTED_RDSM) in bfm_ReadTrain.c:90
[PID=30035][Tue Mar 28 22:43:14 2017] Error : -196608(eVOLNOTMOUNTED_RDSM) in BfM_GetTrain.c:113
[PID=30035][Tue Mar 28 22:43:14 2017] Error : -196608(eVOLNOTMOUNTED_RDSM) in EduOM_Test.c:618
[PID=30035][Tue Mar 28 22:43:14 2017] Error : -196608(eVOLNOTMOUNTED_RDSM) in RDsM_ReadTrain.c:90
[PID=30035][Tue Mar 28 22:43:14 2017] Error : -196608(eVOLNOTMOUNTED_RDSM) in bfm_ReadTrain.c:90
[PID=30035][Tue Mar 28 22:43:14 2017] Error : -196608(eVOLNOTMOUNTED_RDSM) in BfM_GetTrain.c:113
[PID=30035][Tue Mar 28 22:43:14 2017] Error : -196608(eVOLNOTMOUNTED_RDSM) in EduOM_Test.c:562
[PID=30035][Tue Mar 28 22:43:14 2017] Error : -196608(eVOLNOTMOUNTED_RDSM) in RDsM_ReadTrain.c:90
[PID=30035][Tue Mar 28 22:43:14 2017] Error : -196608(eVOLNOTMOUNTED_RDSM) in bfm_ReadTrain.c:90
[PID=30035][Tue Mar 28 22:43:14 2017] Error : -196608(eVOLNOTMOUNTED_RDSM) in BfM_GetTrain.c:113
[PID=30035][Tue Mar 28 22:43:14 2017] Error : -196608(eVOLNOTMOUNTED_RDSM) in EduOM_Test.c:562
[PID=30035][Tue Mar 28 22:43:14 2017] Error : -196608(eVOLNOTMOUNTED_RDSM) in RDsM_ReadTrain.c:90
[PID=30035][Tue Mar 28 22:43:14 2017] Error : -196608(eVOLNOTMOUNTED_RDSM) in bfm_ReadTrain.c:90
[PID=30035][Tue Mar 28 22:43:14 2017] Error : -196608(eVOLNOTMOUNTED_RDSM) in BfM_GetTrain.c:113
[PID=30035][Tue Mar 28 22:43:14 2017] Error : -196608(eVOLNOTMOUNTED_RDSM) in EduOM_Test.c:562
[PID=30035][Tue Mar 28 22:43:15 2017] Error : -196608(eVOLNOTMOUNTED_RDSM) in RDsM_ReadTrain.c:90
[PID=30035][Tue Mar 28 22:43:15 2017] Error : -196608(eVOLNOTMOUNTED_RDSM) in bfm_ReadTrain.c:90
[PID=30035][Tue Mar 28 22:43:15 2017] Error : -196608(eVOLNOTMOUNTED_RDSM) in BfM_GetTrain.c:113
[PID=30035][Tue Mar 28 22:43:15 2017] Error : -196608(eVOLNOTMOUNTED_RDSM) in EduOM_Test.c:665
[PID=30035][Tue Mar 28 22:43:15 2017] Error : -196608(eVOLNOTMOUNTED_RDSM) in RDsM_ReadTrain.c:90
[PID=30035][Tue Mar 28 22:43:15 2017] Error : -196608(eVOLNOTMOUNTED_RDSM) in bfm_ReadTrain.c:90
[PID=30035][Tue Mar 28 22:43:15 2017] Error : -196608(eVOLNOTMOUNTED_RDSM) in BfM_GetTrain.c:113
[PID=30035][Tue Mar 28 22:43:15 2017] Error : -196608(eVOLNOTMOUNTED_RDSM) in EduOM_Test.c:562
[PID=30035][Tue Mar 28 22:43:15 2017] Error : -1(Unix error code) in EduOM_Test.c:272
[PID=30035][Tue Mar 28 22:43:15 2017] Error : -589829(eNOLOGGEDTRANSACTION_RM) in RM_Transaction.c:311
[PID=30035][Tue Mar 28 22:43:15 2017] Error : -589829(eNOLOGGEDTRANSACTION_RM) in SM_Transaction.c:258
[PID=30035][Tue Mar 28 22:43:15 2017] Error : -589829(eNOLOGGEDTRANSACTION_RM) in SM_ThinLayer.c:761
[PID=30035][Tue Mar 28 22:43:15 2017] Error : -589829(eNOLOGGEDTRANSACTION_RM) in LRDS_Transaction.c:133
[PID=30035][Tue Mar 28 22:43:15 2017] Error : -65538(eBADPARAMETER) in Util_heap.c:298
[PID=30035][Tue Mar 28 22:43:15 2017] Error : -65538(eBADPARAMETER) in LRDS_CloseScan.c:107
[PID=30035][Tue Mar 28 22:43:15 2017] Error : -65538(eBADPARAMETER) in LRDS_Transaction.c:90
[PID=30035][Tue Mar 28 22:43:15 2017] Error : -65539(eBADVOLUMEID) in LRDS_Dismount.c:73
[PID=68199][Tue Mar  1 15:22:31 2022] Error : -196608(eVOLNOTMOUNTED_RDSM) in RDsM_ReadTrain.c:90
[PID=68199][Tue Mar  1 15:22:31 2022] Error : -196608(eVOLNOTMOUNTED_RDSM) in bfm_ReadTrain.c:90
[PID=68199][Tue Mar  1 15:22:31 2022] Error : -196608(eVOLNOTMOUNTED_RDSM) in BfM_GetTrain.c:113
[PID=68199][Tue Mar  1 15:22:31 2022] Error : -196608(eVOLNOTMOUNTED_RDSM) in EduOM_Test.c:533
[PID=68199][Tue Mar  1 15:22:31 2022] Error : -196608(eVOLNOTMOUNTED_RDSM) in RDsM_ReadTrain.c:90
[PID=68199][Tue Mar  1 15:22:31 2022] Error : -196608(eVOLNOTMOUNTED_RDSM) in bfm_ReadTrain.c:90
[PID=68199][Tue Mar  1 15:22:31 2022] Error : -196608(eVOLNOTMOUNTED_RDSM) in BfM_GetTrain.c:113
[PID=68199][Tue Mar  1 15:22:31 2022] Error : -196608(eVOLNOTMOUNTED_RDSM) in EduOM_Test.c:533
[PID=68199][Tue Mar  1 15:22:31 2022] Error : -196608(eVOLNOTMOUNTED_RDSM) in RDsM_ReadTrain.c:90
[PID=68199][Tue Mar  1 15:22:31 2022] Error : -196608(eVOLNOTMOUNTED_RDSM) in bfm_ReadTrain.c:90
[PID=68199][Tue Mar  1 15:22:31 2022] Error : -196608(eVOLNOTMOUNTED_RDSM) in BfM_GetTrain.c:113
[PID=68199][Tue Mar  1 15:22:31 2022] Error : -196608(eVOLNOTMOUNTED_RDSM) in EduOM_Test.c:589
[PID=68199][Tue Mar  1 15:22:31 2022] Error : -196608(eVOLNOTMOUNTED_RDSM) in RDsM_ReadTrain.c:90
[PID=68199][Tue Mar  1 15:22:31 2022] Error : -196608(eVOLNOTMOUNTED_RDSM) in bfm_ReadTrain.c:90
[PID=68199][Tue Mar  1 15:22:31 2022] Error : -196608(eVOLNOTMOUNTED_RDSM) in BfM_GetTrain.c:113
[PID=68199][Tue Mar  1 15:22:31 2022] Error : -196608(eVOLNOTMOUNTED_RDSM) in EduOM_Test.c:533
[PID=68199][Tue Mar  1 15:22:31 2022] Error : -196608(eVOLNOTMOUNTED_RDSM) in RDsM_ReadTrain.c:90
[PID=68199][Tue Mar  1 15:22:31 2022] Error : -196608(eVOLNOTMOUNTED_RDSM) in bfm_ReadTrain.c:90
[PID=68199][Tue Mar  1 15:22:31 2022] Error : -196608(eVOLNOTMOUNTED_RDSM) in BfM_GetTrain.c:113
[PID=68199][Tue Mar  1 15:22:31 2022] Error : -196608(eVOLNOTMOUNTED_RDSM) in EduOM_Test.c:533
[PID=68199][Tue Mar  1 15:22:31 2022] Error : -196608(eVOLNOTMOUNTED_RDSM) in RDsM_ReadTrain.c:90
[PID=68199][Tue Mar  1 15:22:31 2022] Error : -196608(eVOLNOTMOUNTED_RDSM) in bfm_ReadTrain.c:90
[PID=68199][Tue Mar  1 15:22:31 2022] Error : -196608(eVOLNOTMOUNTED_RDSM) in BfM_GetTrain.c:113
[PID=68199][Tue Mar  1 15:22:31 2022] Error : -196608(eVOLNOTMOUNTED_RDSM) in EduOM_Test.c:533
[PID=68199][Tue Mar  1 15:22:31 2022] Error : -196608(eVOLNOTMOUNTED_RDSM) in RDsM_ReadTrain.c:90
[PID=68199][Tue Mar  1 15:22:31 2022] Error : -196608(eVOLNOTMOUNTED_RDSM) in bfm_ReadTrain.c:90
[PID=68199][Tue Mar  1 15:22:31 2022] Error : -196608(eVOLNOTMOUNTED_RDSM) in BfM_GetTrain.c:113
[PID=68199][Tue Mar  1 15:22:31 2022] Error : -196608(eVOLNOTMOUNTED_RDSM) in EduOM_Test.c:634
[PID=68199][Tue Mar  1 15:22:31 2022] Error : -196608(eVOLNOTMOUNTED_RDSM) in RDsM_ReadTrain.c:90
[PID=68199][Tue Mar  1 15:22:31 2022] Error : -196608(eVOLNOTMOUNTED_RDSM) in bfm_ReadTrain.c:90
[PID=68199][Tue Mar  1 15:22:31 2022] Error : -196608(eVOLNOTMOUNTED_RDSM) in BfM_GetTrain.c:113
[PID=68199][Tue Mar  1 15:22:31 2022] Error : -196608(eVOLNOTMOUNTED_RDSM) in EduOM_Test.c:533
[PID=68199][Tue Mar  1 15:22:31 2022] Error : -1(Unix error code) in EduOM_Test.c:262
[PID=68199][Tue Mar  1 15:22:31 2022] Error : -589829(eNOLOGGEDTRANSACTION_RM) in RM_Transaction.c:311
[PID=68199][Tue Mar  1 15:22:31 2022] Error : -589829(eNOLOGGEDTRANSACTION_RM) in SM_Transaction.c:258
[PID=68199][Tue Mar  1 15:22:31 2022] Error : -589829(eNOLOGGEDTRANSACTION_RM) in SM_ThinLayer.c:761
[PID=68199][Tue Mar  1 15:22:31 2022] Error : -589829(eNOLOGGEDTRANSACTION_RM) in LRDS_Transaction.c:133
[PID=68357][Tue Mar  1 15:22:42 2022] Error : -196608(eVOLNOTMOUNTED_RDSM) in RDsM_ReadTrain.c:90
[PID=68357][Tue Mar  1 15:22:42 2022] Error : -196608(eVOLNOTMOUNTED_RDSM) in bfm_ReadTrain.c:90
[PID=68357][Tue Mar  1 15:22:42 2022] Error : -196608(eVOLNOTMOUNTED_RDSM) in BfM_GetTrain.c:113
[PID=68357][Tue Mar  1 15:22:42 2022] Error : -196608(eVOLNOTMOUNTED_RDSM) in EduOM_Test.c:533
[PID=68357][Tue Mar  1 15:22:42 2022] Error : -196608(eVOLNOTMOUNTED_RDSM) in RDsM_ReadTrain.c:90
[PID=68357][Tue Mar  1 15:22:42 2022] Error : -196608(eVOLNOTMOUNTED_RDSM) in bfm_ReadTrain.c:90
[PID=68357][Tue Mar  1 15:22:42 2022] Error : -196608(eVOLNOTMOUNTED_RDSM) in BfM_GetTrain.c:113
[PID=68357][Tue Mar  1 15:22:42 2022] Error : -196608(eVOLNOTMOUNTED_RDSM) in EduOM_Test.c:533
[PID=68357][Tue Mar  1 15:22:42 2022] Error : -196608(eVOLNOTMOUNTED_RDSM) in RDsM_ReadTrain.c:90
[PID=68357][Tue Mar  1 15:22:42 2022] Error : -196608(eVOLNOTMOUNTED_RDSM) in bfm_ReadTrain.c:90
[PID=68357][Tue Mar  1 15:22:42 2022] Error : -196608(eVOLNOTMOUNTED_RDSM) in BfM_GetTrain.c:113
[PID=68357][Tue Mar  1 15:22:42 2022] Error : -196608(eVOLNOTMOUNTED_RDSM) in EduOM_Test.c:589
[PID=68357][Tue Mar  1 15:22:42 2022] Error : -196608(eVOLNOTMOUNTED_RDSM) in RDsM_ReadTrain.c:90
[PID=68357][Tue Mar  1 15:22:42 2022] Error : -196608(eVOLNOTMOUNTED_RDSM) in bfm_ReadTrain.c:90
[PID=68357][Tue Mar  1 15:22:42 2022] Error : -196608(eVOLNOTMOUNTED_RDSM) in BfM_GetTrain.c:113
[PID=68357][Tue Mar  1 15:22:42 2022] Error : -196608(eVOLNOTMOUNTED_RDSM) in EduOM_Test.c:533
[PID=68357][Tue Mar  1 15:22:42 2022] Error : -196608(eVOLNOTMOUNTED_RDSM) in RDsM_ReadTrain.c:90
[PID=68357][Tue Mar  1 15:22:42 2022] Error : -196608(eVOLNOTMOUNTED_RDSM) in bfm_ReadTrain.c:90
[PID=68357][Tue Mar  1 15:22:42 2022] Error : -196608(eVOLNOTMOUNTED_RDSM) in BfM_GetTrain.c:113
[PID=68357][Tue Mar  1 15:22:42 2022] Error : -196608(eVOLNOTMOUNTED_RDSM) in EduOM_Test.c:533
[PID=68357][Tue Mar  1 15:22:42 2022] Error : -196608(eVOLNOTMOUNTED_RDSM) in RDsM_ReadTrain.c:90
[PID=68357][Tue Mar  1 15:22:42 2022] Error : -196608(eVOLNOTMOUNTED_RDSM) in bfm_ReadTrain.c:90
[PID=68357][Tue Mar  1 15:22:42 2022] Error : -196608(eVOLNOTMOUNTED_RDSM) in BfM_GetTrain.c:113
[PID=68357][Tue Mar  1 15:22:42 2022] Error : -196608(eVOLNOTMOUNTED_RDSM) in EduOM_Test.c:533
[PID=68357][Tue Mar  1 15:22:42 2022] Error : -196608(eVOLNOTMOUNTED_RDSM) in RDsM_ReadTrain.c:90
[PID=68357][Tue Mar  1 15:22:42 2022] Error : -196608(eVOLNOTMOUNTED_RDSM) in bfm_ReadTrain.c:90
[PID=68357][Tue Mar  1 15:22:42 2022] Error : -196608(eVOLNOTMOUNTED_RDSM) in BfM_GetTrain.c:113
[PID=68357][Tue Mar  1 15:22:42 2022] Error : -196608(eVOLNOTMOUNTED_RDSM) in EduOM_Test.c:634
[PID=68357][Tue Mar  1 15:22:42 2022] Error : -196608(eVOLNOTMOUNTED_RDSM) in RDsM_ReadTrain.c:90
[PID=68357][Tue Mar  1 15:22:42 2022] Error : -196608(eVOLNOTMOUNTED_RDSM) in bfm_ReadTrain.c:90
[PID=68357][Tue Mar  1 15:22:42 2022] Error : -196608(eVOLNOTMOUNTED_RDSM) in BfM_GetTrain.c:113
[PID=68357][Tue Mar  1 15:22:42 2022] Error : -196608(eVOLNOTMOUNTED_RDSM) in EduOM_Test.c:533
[PID=68357][Tue Mar  1 15:22:42 2022] Error : -1(Unix error code) in EduOM_Test.c:262
[PID=68357][Tue Mar  1 15:22:42 2022] Error : -589829(eNOLOGGEDTRANSACTION_RM) in RM_Transaction.c:311
[PID=68357][Tue Mar  1 15:22:42 2022] Error : -589829(eNOLOGGEDTRANSACTION_RM) in SM_Transaction.c:258
[PID=68357][Tue Mar  1 15:22:42 2022] Error : -589829(eNOLOGGEDTRANSACTION_RM) in SM_ThinLayer.c:761
[PID=68357][Tue Mar  1 15:22:42 2022] Error : -589829(eNOLOGGEDTRANSACTION_RM) in LRDS_Transaction.c:133
[PID=68571][Tue Mar  1 15:23:00 2022] Error : -196608(eVOLNOTMOUNTED_RDSM) in RDsM_ReadTrain.c:90
[PID=68571][Tue Mar  1 15:23:00 2022] Error : -196608(eVOLNOTMOUNTED_RDSM) in bfm_ReadTrain.c:90
[PID=68571][Tue Mar  1 15:23:00 2022] Error : -196608(eVOLNOTMOUNTED_RDSM) in BfM_GetTrain.c:113
[PID=68571][Tue Mar  1 15:23:00 2022] Error : -196608(eVOLNOTMOUNTED_RDSM) in EduOM_Test.c:533
[PID=68571][Tue Mar  1 15:23:00 2022] Error : -196608(eVOLNOTMOUNTED_RDSM) in RDsM_ReadTrain.c:90
[PID=68571][Tue Mar  1 15:23:00 2022] Error : -196608(eVOLNOTMOUNTED_RDSM) in bfm_ReadTrain.c:90
[PID=68571][Tue Mar  1 15:23:00 2022] Error : -196608(eVOLNOTMOUNTED_RDSM) in BfM_GetTrain.c:113
[PID=68571][Tue Mar  1 15:23:00 2022] Error : -196608(eVOLNOTMOUNTED_RDSM) in EduOM_Test.c:533
[PID=68571][Tue Mar  1 15:23:00 2022] Error : -196608(eVOLNOTMOUNTED_RDSM) in RDsM_ReadTrain.c:90
[PID=68571][Tue Mar  1 15:23:00 2022] Error : -196608(eVOLNOTMOUNTED_RDSM) in bfm_ReadTrain.c:90
[PID=68571][Tue Mar  1 15:23:00 2022] Error : -196608(eVOLNOTMOUNTED_RDSM) in BfM_GetTrain.c:113
[PID=68571][Tue Mar  1 15:23:00 2022] Error : -196608(eVOLNOTMOUNTED_RDSM) in EduOM_Test.c:589
[PID=68571][Tue Mar  1 15:23:00 2022] Error : -196608(eVOLNOTMOUNTED_RDSM) in RDsM_ReadTrain.c:90
[PID=68571][Tue Mar  1 15:23:00 2022] Error : -196608(eVOLNOTMOUNTED_RDSM) in bfm_ReadTrain.c:90
[PID=68571][Tue Mar  1 15:23:00 2022] Error : -196608(eVOLNOTMOUNTED_RDSM) in BfM_GetTrain.c:113
[PID=68571][Tue Mar  1 15:23:00 2022] Error : -196608(eVOLNOTMOUNTED_RDSM) in EduOM_Test.c:533
[PID=68571][Tue Mar  1 15:23:00 2022] Error : -196608(eVOLNOTMOUNTED_RDSM) in RDsM_ReadTrain.c:90
[PID=68571][Tue Mar  1 15:23:00 2022] Error : -196608(eVOLNOTMOUNTED_RDSM) in bfm_ReadTrain.c:90
[PID=68571][Tue Mar  1 15:23:00 2022] Error : -196608(eVOLNOTMOUNTED_RDSM) in BfM_GetTrain.c:113
[PID=68571][Tue Mar  1 15:23:00 2022] Error : -196608(eVOLNOTMOUNTED_RDSM) in EduOM_Test.c:533
[PID=68571][Tue Mar  1 15:23:00 2022] Error : -196608(eVOLNOTMOUNTED_RDSM) in RDsM_ReadTrain.c:90
[PID=68571][Tue Mar  1 15:23:00 2022] Error : -196608(eVOLNOTMOUNTED_RDSM) in bfm_ReadTrain.c:90
[PID=68571][Tue Mar  1 15:23:00 2022] Error : -196608(eVOLNOTMOUNTED_RDSM) in BfM_GetTrain.c:113
[PID=68571][Tue Mar  1 15:23:00 2022] Error : -196608(eVOLNOTMOUNTED_RDSM) in EduOM_Test.c:533
[PID=68571][Tue Mar  1 15:23:00 2022] Error : -196608(eVOLNOTMOUNTED_RDSM) in RDsM_ReadTrain.c:90
[PID=68571][Tue Mar  1 15:23:00 2022] Error : -196608(eVOLNOTMOUNTED_RDSM) in bfm_ReadTrain.c:90
[PID=68571][Tue Mar  1 15:23:00 2022] Error : -196608(eVOLNOTMOUNTED_RDSM) in BfM_GetTrain.c:113
[PID=68571][Tue Mar  1 15:23:00 2022] Error : -196608(eVOLNOTMOUNTED_RDSM) in EduOM_Test.c:634
[PID=68571][Tue Mar  1 15:23:00 2022] Error : -196608(eVOLNOTMOUNTED_RDSM) in RDsM_ReadTrain.c:90
[PID=68571][Tue Mar  1 15:23:00 2022] Error : -196608(eVOLNOTMOUNTED_RDSM) in bfm_ReadTrain.c:90
[PID=68571][Tue Mar  1 15:23:00 2022] Error : -196608(eVOLNOTMOUNTED_RDSM) in BfM_GetTrain.c:113
[PID=68571][Tue Mar  1 15:23:00 2022] Error : -196608(eVOLNOTMOUNTED_RDSM) in EduOM_Test.c:533
[PID=68571][Tue Mar  1 15:23:00 2022] Error : -1(Unix error code) in EduOM_Test.c:262
[PID=68571][Tue Mar  1 15:23:00 2022] Error : -589829(eNOLOGGEDTRANSACTION_RM) in RM_Transaction.c:311
[PID=68571][Tue Mar  1 15:23:00 2022] Error : -589829(eNOLOGGEDTRANSACTION_RM) in SM_Transaction.c:258
[PID=68571][Tue Mar  1 15:23:00 2022] Error : -589829(eNOLOGGEDTRANSACTION_RM) in SM_ThinLayer.c:761
[PID=68571][Tue Mar  1 15:23:00 2022] Error : -589829(eNOLOGGEDTRANSACTION_RM) in LRDS_Transaction.c:133
[PID=68743][Tue Mar  1 15:23:13 2022] Error : -196608(eVOLNOTMOUNTED_RDSM) in RDsM_ReadTrain.c:90
[PID=68743][Tue Mar  1 15:23:13 2022] Error : -196608(eVOLNOTMOUNTED_RDSM) in bfm_ReadTrain.c:90
[PID=68743][Tue Mar  1 15:23:13 2022] Error : -196608(eVOLNOTMOUNTED_RDSM) in BfM_GetTrain.c:113
[PID=68743][Tue Mar  1 15:23:13 2022] Error : -196608(eVOLNOTMOUNTED_RDSM) in EduOM_Test.c:533
[PID=68743][Tue Mar  1 15:23:13 2022] Error : -196608(eVOLNOTMOUNTED_RDSM) in RDsM_ReadTrain.c:90
[PID=68743][Tue Mar  1 15:23:13 2022] Error : -196608(eVOLNOTMOUNTED_RDSM) in bfm_ReadTrain.c:90
[PID=68743][Tue Mar  1 15:23:13 2022] Error : -196608(eVOLNOTMOUNTED_RDSM) in BfM_GetTrain.c:113
[PID=68743][Tue Mar  1 15:23:13 2022] Error : -196608(eVOLNOTMOUNTED_RDSM) in EduOM_Test.c:533
[PID=68743][Tue Mar  1 15:23:13 2022] Error : -196608(eVOLNOTMOUNTED_RDSM) in RDsM_ReadTrain.c:90
[PID=68743][Tue Mar  1 15:23:13 2022] Error : -196608(eVOLNOTMOUNTED_RDSM) in bfm_ReadTrain.c:90
[PID=68743][Tue Mar  1 15:23:13 2022] Error : -196608(eVOLNOTMOUNTED_RDSM) in BfM_GetTrain.c:113
[PID=68743][Tue Mar  1 15:23:13 2022] Error : -196608(eVOLNOTMOUNTED_RDSM) in EduOM_Test.c:589
[PID=68743][Tue Mar  1 15:23:13 2022] Error : -196608(eVOLNOTMOUNTED_RDSM) in RDsM_ReadTrain.c:90
[PID=68743][Tue Mar  1 15:23:13 2022] Error : -196608(eVOLNOTMOUNTED_RDSM) in bfm_ReadTrain.c:90
[PID=68743][Tue Mar  1 15:23:13 2022] Error : -196608(eVOLNOTMOUNTED_RDSM) in BfM_GetTrain.c:113
[PID=68743][Tue Mar  1 15:23:13 2022] Error : -196608(eVOLNOTMOUNTED_RDSM) in EduOM_Test.c:533
[PID=68743][Tue Mar  1 15:23:13 2022] Error : -196608(eVOLNOTMOUNTED_RDSM) in RDsM_ReadTrain.c:90
[PID=68743][Tue Mar  1 15:23:13 2022] Error : -196608(eVOLNOTMOUNTED_RDSM) in bfm_ReadTrain.c:90
[PID=68743][Tue Mar  1 15:23:13 2022] Error : -196608(eVOLNOTMOUNTED_RDSM) in BfM_GetTrain.c:113
[PID=68743][Tue Mar  1 15:23:13 2022] Error : -196608(eVOLNOTMOUNTED_RDSM) in EduOM_Test.c:533
[PID=68743][Tue Mar  1 15:23:13 2022] Error : -196608(eVOLNOTMOUNTED_RDSM) in RDsM_ReadTrain.c:90
[PID=68743][Tue Mar  1 15:23:13 2022] Error : -196608(eVOLNOTMOUNTED_RDSM) in bfm_ReadTrain.c:90
[PID=68743][Tue Mar  1 15:23:13 2022] Error : -196608(eVOLNOTMOUNTED_RDSM) in BfM_GetTrain.c:113
[PID=68743][Tue Mar  1 15:23:13 2022] Error : -196608(eVOLNOTMOUNTED_RDSM) in EduOM_Test.c:533
[PID=68743][Tue Mar  1 15:23:13 2022] Error : -196608(eVOLNOTMOUNTED_RDSM) in RDsM_ReadTrain.c:90
[PID=68743][Tue Mar  1 15:23:13 2022] Error : -196608(eVOLNOTMOUNTED_RDSM) in bfm_ReadTrain.c:90
[PID=68743][Tue Mar  1 15:23:13 2022] Error : -196608(eVOLNOTMOUNTED_RDSM) in BfM_GetTrain.c:113
[PID=68743][Tue Mar  1 15:23:13 2022] Error : -196608(eVOLNOTMOUNTED_RDSM) in EduOM_Test.c:634
[PID=68743][Tue Mar  1 15:23:13 2022] Error : -196608(eVOLNOTMOUNTED_RDSM) in RDsM_ReadTrain.c:90
[PID=68743][Tue Mar  1 15:23:13 2022] Error : -196608(eVOLNOTMOUNTED_RDSM) in bfm_ReadTrain.c:90
[PID=68743][Tue Mar  1 15:23:13 2022] Error : -196608(eVOLNOTMOUNTED_RDSM) in BfM_GetTrain.c:113
[PID=68743][Tue Mar  1 15:23:13 2022] Error : -196608(eVOLNOTMOUNTED_RDSM) in EduOM_Test.c:533
[PID=68743][Tue Mar  1 15:23:13 2022] Error : -1(Unix error code) in EduOM_Test.c:262
[PID=68743][Tue Mar  1 15:23:13 2022] Error : -589829(eNOLOGGEDTRANSACTION_RM) in RM_Transaction.c:311
[PID=68743][Tue Mar  1 15:23:13 2022] Error : -589829(eNOLOGGEDTRANSACTION_RM) in SM_Transaction.c:258
[PID=68743][Tue Mar  1 15:23:13 2022] Error : -589829(eNOLOGGEDTRANSACTION_RM) in SM_ThinLayer.c:761
[PID=68743][Tue Mar  1 15:23:13 2022] Error : -589829(eNOLOGGEDTRANSACTION_RM) in LRDS_Transaction.c:133
[PID=71852][Tue Mar  1 15:28:29 2022] Error : -196608(eVOLNOTMOUNTED_RDSM) in RDsM_ReadTrain.c:90
[PID=71852][Tue Mar  1 15:28:29 2022] Error : -196608(eVOLNOTMOUNTED_RDSM) in bfm_ReadTrain.c:90
[PID=71852][Tue Mar  1 15:28:29 2022] Error : -196608(eVOLNOTMOUNTED_RDSM) in BfM_GetTrain.c:113
[PID=71852][Tue Mar  1 15:28:29 2022] Error : -196608(eVOLNOTMOUNTED_RDSM) in EduOM_Test.c:533
[PID=71852][Tue Mar  1 15:28:29 2022] Error : -196608(eVOLNOTMOUNTED_RDSM) in RDsM_ReadTrain.c:90
[PID=71852][Tue Mar  1 15:28:29 2022] Error : -196608(eVOLNOTMOUNTED_RDSM) in bfm_ReadTrain.c:90
[PID=71852][Tue Mar  1 15:28:29 2022] Error : -196608(eVOLNOTMOUNTED_RDSM) in BfM_GetTrain.c:113
[PID=71852][Tue Mar  1 15:28:29 2022] Error : -196608(eVOLNOTMOUNTED_RDSM) in EduOM_Test.c:533
[PID=71852][Tue Mar  1 15:28:29 2022] Error : -196608(eVOLNOTMOUNTED_RDSM) in RDsM_ReadTrain.c:90
[PID=71852][Tue Mar  1 15:28:29 2022] Error : -196608(eVOLNOTMOUNTED_RDSM) in bfm_ReadTrain.c:90
[PID=71852][Tue Mar  1 15:28:29 2022] Error : -196608(eVOLNOTMOUNTED_RDSM) in BfM_GetTrain.c:113
[PID=71852][Tue Mar  1 15:28:29 2022] Error : -196608(eVOLNOTMOUNTED_RDSM) in EduOM_Test.c:589
[PID=71852][Tue Mar  1 15:28:29 2022] Error : -196608(eVOLNOTMOUNTED_RDSM) in RDsM_ReadTrain.c:90
[PID=71852][Tue Mar  1 15:28:29 2022] Error : -196608(eVOLNOTMOUNTED_RDSM) in bfm_ReadTrain.c:90
[PID=71852][Tue Mar  1 15:28:29 2022] Error : -196608(eVOLNOTMOUNTED_RDSM) in BfM_GetTrain.c:113
[PID=71852][Tue Mar  1 15:28:29 2022] Error : -196608(eVOLNOTMOUNTED_RDSM) in EduOM_Test.c:533
[PID=71852][Tue Mar  1 15:28:29 2022] Error : -196608(eVOLNOTMOUNTED_RDSM) in RDsM_ReadTrain.c:90
[PID=71852][Tue Mar  1 15:28:29 2022] Error : -196608(eVOLNOTMOUNTED_RDSM) in bfm_ReadTrain.c:90
[PID=71852][Tue Mar  1 15:28:29 2022] Error : -196608(eVOLNOTMOUNTED_RDSM) in BfM_GetTrain.c:113
[PID=71852][Tue Mar  1 15:28:29 2022] Error : -196608(eVOLNOTMOUNTED_RDSM) in EduOM_Test.c:533
[PID=71852][Tue Mar  1 15:28:29 2022] Error : -196608(eVOLNOTMOUNTED_RDSM) in RDsM_ReadTrain.c:90
[PID=71852][Tue Mar  1 15:28:29 2022] Error : -196608(eVOLNOTMOUNTED_RDSM) in bfm_ReadTrain.c:90
[PID=71852][Tue Mar  1 15:28:29 2022] Error : -196608(eVOLNOTMOUNTED_RDSM) in BfM_GetTrain.c:113
[PID=71852][Tue Mar  1 15:28:29 2022] Error : -196608(eVOLNOTMOUNTED_RDSM) in EduOM_Test.c:533
[PID=71852][Tue Mar  1 15:28:29 2022] Error : -196608(eVOLNOTMOUNTED_RDSM) in RDsM_ReadTrain.c:90
[PID=71852][Tue Mar  1 15:28:29 2022] Error : -196608(eVOLNOTMOUNTED_RDSM) in bfm_ReadTrain.c:90
[PID=71852][Tue Mar  1 15:28:29 2022] Error : -196608(eVOLNOTMOUNTED_RDSM) in BfM_GetTrain.c:113
[PID=71852][Tue Mar  1 15:28:29 2022] Error : -196608(eVOLNOTMOUNTED_RDSM) in EduOM_Test.c:634
[PID=71852][Tue Mar  1 15:28:29 2022] Error : -196608(eVOLNOTMOUNTED_RDSM) in RDsM_ReadTrain.c:90
[PID=71852][Tue Mar  1 15:28:29 2022] Error : -196608(eVOLNOTMOUNTED_RDSM) in bfm_ReadTrain.c:90
[PID=71852][Tue Mar  1 15:28:29 2022] Error : -196608(eVOLNOTMOUNTED_RDSM) in BfM_GetTrain.c:113
[PID=71852][Tue Mar  1 15:28:29 2022] Error : -196608(eVOLNOTMOUNTED_RDSM) in EduOM_Test.c:533
[PID=71852][Tue Mar  1 15:28:29 2022] Error : -1(Unix error code) in EduOM_Test.c:262
[PID=71852][Tue Mar  1 15:28:29 2022] Error : -589829(eNOLOGGEDTRANSACTION_RM) in RM_Transaction.c:311
[PID=71852][Tue Mar  1 15:28:29 2022] Error : -589829(eNOLOGGEDTRANSACTION_RM) in SM_Transaction.c:258
[PID=71852][Tue Mar  1 15:28:29 2022] Error : -589829(eNOLOGGEDTRANSACTION_RM) in SM_ThinLayer.c:761
[PID=71852][Tue Mar  1 15:28:29 2022] Error : -589829(eNOLOGGEDTRANSACTION_RM) in LRDS_Transaction.c:133
[PID=73460][Tue Mar  1 15:31:24 2022] Error : -196608(eVOLNOTMOUNTED_RDSM) in RDsM_ReadTrain.c:90
[PID=73460][Tue Mar  1 15:31:24 2022] Error : -196608(eVOLNOTMOUNTED_RDSM) in bfm_ReadTrain.c:90
[PID=73460][Tue Mar  1 15:31:24 2022] Error : -196608(eVOLNOTMOUNTED_RDSM) in BfM_GetTrain.c:113
[PID=73460][Tue Mar  1 15:31:24 2022] Error : -196608(eVOLNOTMOUNTED_RDSM) in EduOM_Test.c:533
[PID=73460][Tue Mar  1 15:31:24 2022] Error : -196608(eVOLNOTMOUNTED_RDSM) in RDsM_ReadTrain.c:90
[PID=73460][Tue Mar  1 15:31:24 2022] Error : -196608(eVOLNOTMOUNTED_RDSM) in bfm_ReadTrain.c:90
[PID=73460][Tue Mar  1 15:31:24 2022] Error : -196608(eVOLNOTMOUNTED_RDSM) in BfM_GetTrain.c:113
[PID=73460][Tue Mar  1 15:31:24 2022] Error : -196608(eVOLNOTMOUNTED_RDSM) in EduOM_Test.c:533
[PID=73460][Tue Mar  1 15:31:24 2022] Error : -196608(eVOLNOTMOUNTED_RDSM) in RDsM_ReadTrain.c:90
[PID=73460][Tue Mar  1 15:31:24 2022] Error : -196608(eVOLNOTMOUNTED_RDSM) in bfm_ReadTrain.c:90
[PID=73460][Tue Mar  1 15:31:24 2022] Error : -196608(eVOLNOTMOUNTED_RDSM) in BfM_GetTrain.c:113
[PID=73460][Tue Mar  1 15:31:24 2022] Error : -196608(eVOLNOTMOUNTED_RDSM) in EduOM_Test.c:589
[PID=73460][Tue Mar  1 15:31:24 2022] Error : -196608(eVOLNOTMOUNTED_RDSM) in RDsM_ReadTrain.c:90
[PID=73460][Tue Mar  1 15:31:24 2022] Error : -196608(eVOLNOTMOUNTED_RDSM) in bfm_ReadTrain.c:90
[PID=73460][Tue Mar  1 15:31:24 2022] Error : -196608(eVOLNOTMOUNTED_RDSM) in BfM_GetTrain.c:113
[PID=73460][Tue Mar  1 15:31:24 2022] Error : -196608(eVOLNOTMOUNTED_RDSM) in EduOM_Test.c:533
[PID=73460][Tue Mar  1 15:31:24 2022] Error : -196608(eVOLNOTMOUNTED_RDSM) in RDsM_ReadTrain.c:90
[PID=73460][Tue Mar  1 15:31:24 2022] Error : -196608(eVOLNOTMOUNTED_RDSM) in bfm_ReadTrain.c:90
[PID=73460][Tue Mar  1 15:31:24 2022] Error : -196608(eVOLNOTMOUNTED_RDSM) in BfM_GetTrain.c:113
[PID=73460][Tue Mar  1 15:31:24 2022] Error : -196608(eVOLNOTMOUNTED_RDSM) in EduOM_Test.c:533
[PID=73460][Tue Mar  1 15:31:24 2022] Error : -196608(eVOLNOTMOUNTED_RDSM) in RDsM_ReadTrain.c:90
[PID=73460][Tue Mar  1 15:31:24 2022] Error : -196608(eVOLNOTMOUNTED_RDSM) in bfm_ReadTrain.c:90
[PID=73460][Tue Mar  1 15:31:24 2022] Error : -196608(eVOLNOTMOUNTED_RDSM) in BfM_GetTrain.c:113
[PID=73460][Tue Mar  1 15:31:24 2022] Error : -196608(eVOLNOTMOUNTED_RDSM) in EduOM_Test.c:533
[PID=73460][Tue Mar  1 15:31:24 2022] Error : -196608(eVOLNOTMOUNTED_RDSM) in RDsM_ReadTrain.c:90
[PID=73460][Tue Mar  1 15:31:24 2022] Error : -196608(eVOLNOTMOUNTED_RDSM) in bfm_ReadTrain.c:90
[PID=73460][Tue Mar  1 15:31:24 2022] Error : -196608(eVOLNOTMOUNTED_RDSM) in BfM_GetTrain.c:113
[PID=73460][Tue Mar  1 15:31:24 2022] Error : -196608(eVOLNOTMOUNTED_RDSM) in EduOM_Test.c:634
[PID=73460][Tue Mar  1 15:31:24 2022] Error : -196608(eVOLNOTMOUNTED_RDSM) in RDsM_ReadTrain.c:90
[PID=73460][Tue Mar  1 15:31:24 2022] Error : -196608(eVOLNOTMOUNTED_RDSM) in bfm_ReadTrain.c:90
[PID=73460][Tue Mar  1 15:31:24 2022] Error : -196608(eVOLNOTMOUNTED_RDSM) in BfM_GetTrain.c:113
[PID=73460][Tue Mar  1 15:31:24 2022] Error : -196608(eVOLNOTMOUNTED_RDSM) in EduOM_Test.c:533
[PID=73460][Tue Mar  1 15:31:24 2022] Error : -1(Unix error code) in EduOM_Test.c:262
[PID=73460][Tue Mar  1 15:31:24 2022] Error : -589829(eNOLOGGEDTRANSACTION_RM) in RM_Transaction.c:311
[PID=73460][Tue Mar  1 15:31:24 2022] Error : -589829(eNOLOGGEDTRANSACTION_RM) in SM_Transaction.c:258
[PID=73460][Tue Mar  1 15:31:24 2022] Error : -589829(eNOLOGGEDTRANSACTION_RM) in SM_ThinLayer.c:761
[PID=73460][Tue Mar  1 15:31:24 2022] Error : -589829(eNOLOGGEDTRANSACTION_RM) in LRDS_Transaction.c:133
[PID=74265][Tue Mar  1 15:32:48 2022] Error : -196608(eVOLNOTMOUNTED_RDSM) in RDsM_ReadTrain.c:90
[PID=74265][Tue Mar  1 15:32:48 2022] Error : -196608(eVOLNOTMOUNTED_RDSM) in bfm_ReadTrain.c:90
[PID=74265][Tue Mar  1 15:32:48 2022] Error : -196608(eVOLNOTMOUNTED_RDSM) in BfM_GetTrain.c:113
[PID=74265][Tue Mar  1 15:32:48 2022] Error : -196608(eVOLNOTMOUNTED_RDSM) in EduOM_Test.c:533
[PID=74265][Tue Mar  1 15:32:48 2022] Error : -196608(eVOLNOTMOUNTED_RDSM) in RDsM_ReadTrain.c:90
[PID=74265][Tue Mar  1 15:32:48 2022] Error : -196608(eVOLNOTMOUNTED_RDSM) in bfm_ReadTrain.c:90
[PID=74265][Tue Mar  1 15:32:48 2022] Error : -196608(eVOLNOTMOUNTED_RDSM) in BfM_GetTrain.c:113
[PID=74265][Tue Mar  1 15:32:48 2022] Error : -196608(eVOLNOTMOUNTED_RDSM) in EduOM_Test.c:533
[PID=74265][Tue Mar  1 15:32:48 2022] Error : -196608(eVOLNOTMOUNTED_RDSM) in RDsM_ReadTrain.c:90
[PID=74265][Tue Mar  1 15:32:48 2022] Error : -196608(eVOLNOTMOUNTED_RDSM) in bfm_ReadTrain.c:90
[PID=74265][Tue Mar  1 15:32:48 2022] Error : -196608(eVOLNOTMOUNTED_RDSM) in BfM_GetTrain.c:113
[PID=74265][Tue Mar  1 15:32:48 2022] Error : -196608(eVOLNOTMOUNTED_RDSM) in EduOM_Test.c:589
[PID=74265][Tue Mar  1 15:32:48 2022] Error : -196608(eVOLNOTMOUNTED_RDSM) in RDsM_ReadTrain.c:90
[PID=74265][Tue Mar  1 15:32:48 2022] Error : -196608(eVOLNOTMOUNTED_RDSM) in bfm_ReadTrain.c:90
[PID=74265][Tue Mar  1 15:32:48 2022] Error : -196608(eVOLNOTMOUNTED_RDSM) in BfM_GetTrain.c:113
[PID=74265][Tue Mar  1 15:32:48 2022] Error : -196608(eVOLNOTMOUNTED_RDSM) in EduOM_Test.c:533
[PID=74265][Tue Mar  1 15:32:48 2022] Error : -196608(eVOLNOTMOUNTED_RDSM) in RDsM_ReadTrain.c:90
[PID=74265][Tue Mar  1 15:32:48 2022] Error : -196608(eVOLNOTMOUNTED_RDSM) in bfm_ReadTrain.c:90
[PID=74265][Tue Mar  1 15:32:48 2022] Error : -196608(eVOLNOTMOUNTED_RDSM) in BfM_GetTrain.c:113
[PID=74265][Tue Mar  1 15:32:48 2022] Error : -196608(eVOLNOTMOUNTED_RDSM) in EduOM_Test.c:533
[PID=74265][Tue Mar  1 15:32:48 2022] Error : -196608(eVOLNOTMOUNTED_RDSM) in RDsM_ReadTrain.c:90
[PID=74265][Tue Mar  1 15:32:48 2022] Error : -196608(eVOLNOTMOUNTED_RDSM) in bfm_ReadTrain.c:90
[PID=74265][Tue Mar  1 15:32:48 2022] Error : -196608(eVOLNOTMOUNTED_RDSM) in BfM_GetTrain.c:113
[PID=74265][Tue Mar  1 15:32:48 2022] Error : -196608(eVOLNOTMOUNTED_RDSM) in EduOM_Test.c:533
[PID=74265][Tue Mar  1 15:32:48 2022] Error : -196608(eVOLNOTMOUNTED_RDSM) in RDsM_ReadTrain.c:90
[PID=74265][Tue Mar  1 15:32:48 2022] Error : -196608(eVOLNOTMOUNTED_RDSM) in bfm_ReadTrain.c:90
[PID=74265][Tue Mar  1 15:32:48 2022] Error : -196608(eVOLNOTMOUNTED_RDSM) in BfM_GetTrain.c:113
[PID=74265][Tue Mar  1 15:32:48 2022] Error : -196608(eVOLNOTMOUNTED_RDSM) in EduOM_Test.c:634
[PID=74265][Tue Mar  1 15:32:48 2022] Error : -196608(eVOLNOTMOUNTED_RDSM) in RDsM_ReadTrain.c:90
[PID=74265][Tue Mar  1 15:32:48 2022] Error : -196608(eVOLNOTMOUNTED_RDSM) in bfm_ReadTrain.c:90
[PID=74265][Tue Mar  1 15:32:48 2022] Error : -196608(eVOLNOTMOUNTED_RDSM) in BfM_GetTrain.c:113
[PID=74265][Tue Mar  1 15:32:48 2022] Error : -196608(eVOLNOTMOUNTED_RDSM) in EduOM_Test.c:533
[PID=74265][Tue Mar  1 15:32:48 2022] Error : -1(Unix error code) in EduOM_Test.c:262
[PID=74265][Tue Mar  1 15:32:48 2022] Error : -589829(eNOLOGGEDTRANSACTION_RM) in RM_Transaction.c:311
[PID=74265][Tue Mar  1 15:32:48 2022] Error : -589829(eNOLOGGEDTRANSACTION_RM) in SM_Transaction.c:258
[PID=74265][Tue Mar  1 15:32:48 2022] Error : -589829(eNOLOGGEDTRANSACTION_RM) in SM_ThinLayer.c:761
[PID=74265][Tue Mar  1 15:32:48 2022] Error : -589829(eNOLOGGEDTRANSACTION_RM) in LRDS_Transaction.c:133
[PID=7773][Sat Apr  1 02:43:42 2023] Error : -262147(eBADHASHKEY_BFM) in BfM_GetTrain.c:160
[PID=7773][Sat Apr  1 02:43:42 2023] Error : -262147(eBADHASHKEY_BFM) in EduOM_NextObject.c:123
[PID=7773][Sat Apr  1 02:43:42 2023] Error : -262147(eBADHASHKEY_BFM) in EduOM_Test.c:378
[PID=7773][Sat Apr  1 02:43:42 2023] Error : -589829(eNOLOGGEDTRANSACTION_RM) in RM_Transaction.c:311
[PID=7773][Sat Apr  1 02:43:42 2023] Error : -589829(eNOLOGGEDTRANSACTION_RM) in SM_Transaction.c:258
[PID=7773][Sat Apr  1 02:43:42 2023] Error : -589829(eNOLOGGEDTRANSACTION_RM) in SM_ThinLayer.c:761
[PID=7773][Sat Apr  1 02:43:42 2023] Error : -589829(eNOLOGGEDTRANSACTION_RM) in LRDS_Transaction.c:133
[PID=7941][Sat Apr  1 02:44:37 2023] Error : -262147(eBADHASHKEY_BFM) in BfM_GetTrain.c:160
[PID=7941][Sat Apr  1 02:44:37 2023] Error : -262147(eBADHASHKEY_BFM) in EduOM_NextObject.c:123
[PID=7941][Sat Apr  1 02:44:37 2023] Error : -262147(eBADHASHKEY_BFM) in EduOM_Test.c:378
[PID=7941][Sat Apr  1 02:44:37 2023] Error : -589829(eNOLOGGEDTRANSACTION_RM) in RM_Transaction.c:311
[PID=7941][Sat Apr  1 02:44:37 2023] Error : -589829(eNOLOGGEDTRANSACTION_RM) in SM_Transaction.c:258
[PID=7941][Sat Apr  1 02:44:37 2023] Error : -589829(eNOLOGGEDTRANSACTION_RM) in SM_ThinLayer.c:761
[PID=7941][Sat Apr  1 02:44:37 2023] Error : -589829(eNOLOGGEDTRANSACTION_RM) in LRDS_Transaction.c:133
[PID=8770][Sat Apr  1 02:50:08 2023] Error : -262149(eFLUSHFIXEDBUF_BFM) in BfM_Dismount.c:110
[PID=8770][Sat Apr  1 02:50:08 2023] Error : -262149(eFLUSHFIXEDBUF_BFM) in SM_Dismount.c:104
[PID=8770][Sat Apr  1 02:50:08 2023] Error : -262149(eFLUSHFIXEDBUF_BFM) in LRDS_Dismount.c:246
[PID=8770][Sat Apr  1 02:50:08 2023] Error : -262149(eFLUSHFIXEDBUF_BFM) in LRDS_Dismount.c:143
[PID=8888][Sat Apr  1 02:50:37 2023] Error : -262149(eFLUSHFIXEDBUF_BFM) in BfM_Dismount.c:110
[PID=8888][Sat Apr  1 02:50:37 2023] Error : -262149(eFLUSHFIXEDBUF_BFM) in SM_Dismount.c:104
[PID=8888][Sat Apr  1 02:50:37 2023] Error : -262149(eFLUSHFIXEDBUF_BFM) in LRDS_Dismount.c:246
[PID=8888][Sat Apr  1 02:50:37 2023] Error : -262149(eFLUSHFIXEDBUF_BFM) in LRDS_Dismount.c:143
[PID=9498][Sat Apr  1 02:54:06 2023] Error : -262147(eBADHASHKEY_BFM) in BfM_GetTrain.c:160
[PID=9498][Sat Apr  1 02:54:06 2023] Error : -262147(eBADHASHKEY_BFM) in EduOM_NextObject.c:123
[PID=9498][Sat Apr  1 02:54:06 2023] Error : -262147(eBADHASHKEY_BFM) in EduOM_Test.c:378
[PID=9498][Sat Apr  1 02:54:06 2023] Error : -589829(eNOLOGGEDTRANSACTION_RM) in RM_Transaction.c:311
[PID=9498][Sat Apr  1 02:54:06 2023] Error : -589829(eNOLOGGEDTRANSACTION_RM) in SM_Transaction.c:258
[PID=9498][Sat Apr  1 02:54:06 2023] Error : -589829(eNOLOGGEDTRANSACTION_RM) in SM_ThinLayer.c:761
[PID=9498][Sat Apr  1 02:54:06 2023] Error : -589829(eNOLOGGEDTRANSACTION_RM) in LRDS_Transaction.c:133
